2024/01/04 04:45:30 [notice] 1#1: using the "epoll" event method
2024/01/04 04:45:30 [notice] 1#1: nginx/1.21.5
2024/01/04 04:45:30 [notice] 1#1: built by gcc 10.2.1 20210110 (Debian 10.2.1-6) 
2024/01/04 04:45:30 [notice] 1#1: OS: Linux 5.15.133.1-microsoft-standard-WSL2
2024/01/04 04:45:30 [notice] 1#1: getrlimit(RLIMIT_NOFILE): 1048576:1048576
2024/01/04 04:45:30 [notice] 1#1: start worker processes
2024/01/04 04:45:30 [notice] 1#1: start worker process 24
2024/01/04 04:45:30 [notice] 1#1: start worker process 25
2024/01/04 04:45:30 [notice] 1#1: start worker process 26
2024/01/04 04:45:30 [notice] 1#1: start worker process 27
2024/01/04 04:45:30 [notice] 1#1: start worker process 28
2024/01/04 04:45:30 [notice] 1#1: start worker process 29
2024/01/04 04:45:30 [notice] 1#1: start worker process 30
2024/01/04 04:45:30 [notice] 1#1: start worker process 31
2024/01/04 04:45:30 [notice] 1#1: start worker process 32
2024/01/04 04:45:30 [notice] 1#1: start worker process 33
2024/01/04 04:45:30 [notice] 1#1: start worker process 34
2024/01/04 04:45:30 [notice] 1#1: start worker process 35
2024/01/04 04:45:42 [error] 24#24: *1 open() "/usr/share/nginx/html/favicon.ico" failed (2: No such file or directory), client: 172.17.0.1, server: localhost, request: "GET /favicon.ico HTTP/1.1", host: "localhost", referrer: "http://localhost/"
2024/01/04 04:47:14 [notice] 1#1: signal 3 (SIGQUIT) received, shutting down
2024/01/04 04:47:14 [notice] 24#24: gracefully shutting down
2024/01/04 04:47:14 [notice] 29#29: gracefully shutting down
2024/01/04 04:47:14 [notice] 25#25: gracefully shutting down
2024/01/04 04:47:14 [notice] 26#26: gracefully shutting down
2024/01/04 04:47:14 [notice] 28#28: gracefully shutting down
2024/01/04 04:47:14 [notice] 26#26: exiting
2024/01/04 04:47:14 [notice] 27#27: gracefully shutting down
2024/01/04 04:47:14 [notice] 24#24: exiting
2024/01/04 04:47:14 [notice] 33#33: gracefully shutting down
2024/01/04 04:47:14 [notice] 24#24: exit
2024/01/04 04:47:14 [notice] 30#30: gracefully shutting down
2024/01/04 04:47:14 [notice] 31#31: gracefully shutting down
2024/01/04 04:47:14 [notice] 32#32: gracefully shutting down
2024/01/04 04:47:14 [notice] 34#34: gracefully shutting down
2024/01/04 04:47:14 [notice] 35#35: gracefully shutting down
2024/01/04 04:47:14 [notice] 29#29: exiting
2024/01/04 04:47:14 [notice] 25#25: exiting
2024/01/04 04:47:14 [notice] 29#29: exit
2024/01/04 04:47:14 [notice] 28#28: exiting
2024/01/04 04:47:14 [notice] 26#26: exit
2024/01/04 04:47:14 [notice] 27#27: exiting
2024/01/04 04:47:14 [notice] 33#33: exiting
2024/01/04 04:47:14 [notice] 27#27: exit
2024/01/04 04:47:14 [notice] 30#30: exiting
2024/01/04 04:47:14 [notice] 31#31: exiting
2024/01/04 04:47:14 [notice] 32#32: exiting
2024/01/04 04:47:14 [notice] 34#34: exiting
2024/01/04 04:47:14 [notice] 35#35: exiting
2024/01/04 04:47:14 [notice] 25#25: exit
2024/01/04 04:47:14 [notice] 28#28: exit
2024/01/04 04:47:14 [notice] 33#33: exit
2024/01/04 04:47:14 [notice] 30#30: exit
2024/01/04 04:47:14 [notice] 31#31: exit
2024/01/04 04:47:14 [notice] 32#32: exit
2024/01/04 04:47:14 [notice] 34#34: exit
2024/01/04 04:47:14 [notice] 35#35: exit
2024/01/04 04:47:14 [notice] 1#1: signal 17 (SIGCHLD) received from 24
2024/01/04 04:47:14 [notice] 1#1: worker process 24 exited with code 0
2024/01/04 04:47:14 [notice] 1#1: worker process 28 exited with code 0
2024/01/04 04:47:14 [notice] 1#1: worker process 31 exited with code 0
2024/01/04 04:47:14 [notice] 1#1: signal 29 (SIGIO) received
2024/01/04 04:47:14 [notice] 1#1: signal 17 (SIGCHLD) received from 35
2024/01/04 04:47:14 [notice] 1#1: worker process 35 exited with code 0
2024/01/04 04:47:14 [notice] 1#1: signal 29 (SIGIO) received
2024/01/04 04:47:14 [notice] 1#1: signal 17 (SIGCHLD) received from 32
2024/01/04 04:47:14 [notice] 1#1: worker process 25 exited with code 0
2024/01/04 04:47:14 [notice] 1#1: worker process 26 exited with code 0
2024/01/04 04:47:14 [notice] 1#1: worker process 27 exited with code 0
2024/01/04 04:47:14 [notice] 1#1: worker process 30 exited with code 0
2024/01/04 04:47:14 [notice] 1#1: worker process 32 exited with code 0
2024/01/04 04:47:14 [notice] 1#1: signal 29 (SIGIO) received
2024/01/04 04:47:14 [notice] 1#1: signal 17 (SIGCHLD) received from 29
2024/01/04 04:47:14 [notice] 1#1: worker process 29 exited with code 0
2024/01/04 04:47:14 [notice] 1#1: worker process 33 exited with code 0
2024/01/04 04:47:14 [notice] 1#1: worker process 34 exited with code 0
2024/01/04 04:47:14 [notice] 1#1: exit
2024/01/04 04:47:15 [notice] 1#1: using the "epoll" event method
2024/01/04 04:47:15 [notice] 1#1: nginx/1.21.5
2024/01/04 04:47:15 [notice] 1#1: built by gcc 10.2.1 20210110 (Debian 10.2.1-6) 
2024/01/04 04:47:15 [notice] 1#1: OS: Linux 5.15.133.1-microsoft-standard-WSL2
2024/01/04 04:47:15 [notice] 1#1: getrlimit(RLIMIT_NOFILE): 1048576:1048576
2024/01/04 04:47:15 [notice] 1#1: start worker processes
2024/01/04 04:47:15 [notice] 1#1: start worker process 24
2024/01/04 04:47:15 [notice] 1#1: start worker process 25
2024/01/04 04:47:15 [notice] 1#1: start worker process 26
2024/01/04 04:47:15 [notice] 1#1: start worker process 27
2024/01/04 04:47:15 [notice] 1#1: start worker process 28
2024/01/04 04:47:15 [notice] 1#1: start worker process 29
2024/01/04 04:47:15 [notice] 1#1: start worker process 30
2024/01/04 04:47:15 [notice] 1#1: start worker process 31
2024/01/04 04:47:15 [notice] 1#1: start worker process 32
2024/01/04 04:47:15 [notice] 1#1: start worker process 33
2024/01/04 04:47:15 [notice] 1#1: start worker process 34
2024/01/04 04:47:15 [notice] 1#1: start worker process 35
2024/01/30 01:48:16 [emerg] 1#1: host not found in upstream "kafka-0:9093" in /etc/nginx/conf.d/proxy.conf:2
2024/01/30 02:09:57 [emerg] 1#1: host not found in upstream "kafka-0:9093" in /etc/nginx/conf.d/proxy.conf:2
